23:39:09.776 [main] INFO  c.prjapitrans.PrjapitransApplication - Starting PrjapitransApplication using Java 1.8.0_401 on RafaelValverdeP with PID 13640 (C:\Projetos\Java\prjapitrans\target\classes started by RafaelValverde in C:\Projetos\Java\prjapitrans)
23:39:09.781 [main] INFO  c.prjapitrans.PrjapitransApplication - No active profile set, falling back to default profiles: default
23:39:10.313 [main] INFO  o.s.d.r.c.RepositoryConfigurationDelegate - Bootstrapping Spring Data JPA repositories in DEFAULT mode.
23:39:10.327 [main] INFO  o.s.d.r.c.RepositoryConfigurationDelegate - Finished Spring Data repository scanning in 6 ms. Found 0 JPA repository interfaces.
23:39:11.064 [main] INFO  o.s.b.w.e.tomcat.TomcatWebServer - Tomcat initialized with port(s): 8080 (http)
23:39:11.073 [main] INFO  o.a.coyote.http11.Http11NioProtocol - Initializing ProtocolHandler ["http-nio-8080"]
23:39:11.074 [main] INFO  o.a.catalina.core.StandardService - Starting service [Tomcat]
23:39:11.074 [main] INFO  o.a.catalina.core.StandardEngine - Starting Servlet engine: [Apache Tomcat/9.0.52]
23:39:11.132 [main] INFO  o.a.c.c.C.[Tomcat].[localhost].[/] - Initializing Spring embedded WebApplicationContext
23:39:11.133 [main] INFO  o.s.b.w.s.c.ServletWebServerApplicationContext - Root WebApplicationContext: initialization completed in 1312 ms
23:39:11.277 [main] INFO  com.zaxxer.hikari.HikariDataSource - HikariPoolBooks - Starting...
23:39:12.094 [main] INFO  com.zaxxer.hikari.HikariDataSource - HikariPoolBooks - Start completed.
23:39:12.933 [main] INFO  o.s.o.j.LocalContainerEntityManagerFactoryBean - Initialized JPA EntityManagerFactory for persistence unit 'default'
23:39:12.941 [main] WARN  o.s.b.w.s.c.AnnotationConfigServletWebServerApplicationContext - Exception encountered during context initialization - cancelling refresh attempt: org.springframework.beans.factory.UnsatisfiedDependencyException: Error creating bean with name 'prjapitransApplication': Unsatisfied dependency expressed through field 'conn'; nested exception is org.springframework.beans.factory.NoSuchBeanDefinitionException: No qualifying bean of type 'com.config.conn.DatabaseConfig' available: expected at least 1 bean which qualifies as autowire candidate. Dependency annotations: {@org.springframework.beans.factory.annotation.Autowired(required=true)}
23:39:12.942 [main] INFO  o.s.o.j.LocalContainerEntityManagerFactoryBean - Closing JPA EntityManagerFactory for persistence unit 'default'
23:39:12.945 [main] INFO  com.zaxxer.hikari.HikariDataSource - HikariPoolBooks - Shutdown initiated...
23:39:13.005 [main] INFO  com.zaxxer.hikari.HikariDataSource - HikariPoolBooks - Shutdown completed.
23:39:13.006 [main] INFO  o.a.catalina.core.StandardService - Stopping service [Tomcat]
23:39:13.028 [main] INFO  o.s.b.a.l.ConditionEvaluationReportLoggingListener - 

Error starting ApplicationContext. To display the conditions report re-run your application with 'debug' enabled.
23:39:13.044 [main] ERROR o.s.b.d.LoggingFailureAnalysisReporter - 

***************************
APPLICATION FAILED TO START
***************************

Description:

Field conn in com.prjapitrans.PrjapitransApplication required a bean of type 'com.config.conn.DatabaseConfig' that could not be found.

The injection point has the following annotations:
	- @org.springframework.beans.factory.annotation.Autowired(required=true)


Action:

Consider defining a bean of type 'com.config.conn.DatabaseConfig' in your configuration.

