00:01:16.138 [SpringApplicationShutdownHook] INFO  o.s.o.j.LocalContainerEntityManagerFactoryBean - Closing JPA EntityManagerFactory for persistence unit 'default'
00:01:16.143 [SpringApplicationShutdownHook] INFO  com.zaxxer.hikari.HikariDataSource - HikariPoolBooks - Shutdown initiated...
00:01:16.213 [SpringApplicationShutdownHook] INFO  com.zaxxer.hikari.HikariDataSource - HikariPoolBooks - Shutdown completed.
00:01:31.324 [main] INFO  o.s.b.t.c.SpringBootTestContextBootstrapper - Neither @ContextConfiguration nor @ContextHierarchy found for test class [com.prjapitrans.PrjapitransApplicationTests], using SpringBootContextLoader
00:01:31.331 [main] INFO  o.s.t.c.s.AbstractContextLoader - Could not detect default resource locations for test class [com.prjapitrans.PrjapitransApplicationTests]: no resource found for suffixes {-context.xml, Context.groovy}.
00:01:31.333 [main] INFO  o.s.t.c.s.AnnotationConfigContextLoaderUtils - Could not detect default configuration classes for test class [com.prjapitrans.PrjapitransApplicationTests]: PrjapitransApplicationTests does not declare any static, non-private, non-final, nested classes annotated with @Configuration.
00:01:31.491 [main] INFO  o.s.b.t.c.SpringBootTestContextBootstrapper - Found @SpringBootConfiguration com.prjapitrans.PrjapitransApplication for test class com.prjapitrans.PrjapitransApplicationTests
00:01:31.606 [main] INFO  o.s.b.t.c.SpringBootTestContextBootstrapper - Loaded default TestExecutionListener class names from location [META-INF/spring.factories]: [org.springframework.boot.test.mock.mockito.MockitoTestExecutionListener, org.springframework.boot.test.mock.mockito.ResetMocksTestExecutionListener, org.springframework.boot.test.autoconfigure.restdocs.RestDocsTestExecutionListener, org.springframework.boot.test.autoconfigure.web.client.MockRestServiceServerResetTestExecutionListener, org.springframework.boot.test.autoconfigure.web.servlet.MockMvcPrintOnlyOnFailureTestExecutionListener, org.springframework.boot.test.autoconfigure.web.servlet.WebDriverTestExecutionListener, org.springframework.boot.test.autoconfigure.webservices.client.MockWebServiceServerTestExecutionListener, org.springframework.test.context.web.ServletTestExecutionListener, org.springframework.test.context.support.DirtiesContextBeforeModesTestExecutionListener, org.springframework.test.context.event.ApplicationEventsTestExecutionListener, org.springframework.test.context.support.DependencyInjectionTestExecutionListener, org.springframework.test.context.support.DirtiesContextTestExecutionListener, org.springframework.test.context.transaction.TransactionalTestExecutionListener, org.springframework.test.context.jdbc.SqlScriptsTestExecutionListener, org.springframework.test.context.event.EventPublishingTestExecutionListener]
00:01:31.628 [main] INFO  o.s.b.t.c.SpringBootTestContextBootstrapper - Using TestExecutionListeners: [org.springframework.test.context.web.ServletTestExecutionListener@609bcfb6, org.springframework.test.context.support.DirtiesContextBeforeModesTestExecutionListener@7d94beb9, org.springframework.test.context.event.ApplicationEventsTestExecutionListener@560348e6, org.springframework.boot.test.mock.mockito.MockitoTestExecutionListener@1df8b5b8, org.springframework.boot.test.autoconfigure.SpringBootDependencyInjectionTestExecutionListener@23202fce, org.springframework.test.context.support.DirtiesContextTestExecutionListener@7b993c65, org.springframework.test.context.transaction.TransactionalTestExecutionListener@37911f88, org.springframework.test.context.jdbc.SqlScriptsTestExecutionListener@6f1c29b7, org.springframework.test.context.event.EventPublishingTestExecutionListener@4d6025c5, org.springframework.boot.test.mock.mockito.ResetMocksTestExecutionListener@7f284218, org.springframework.boot.test.autoconfigure.restdocs.RestDocsTestExecutionListener@407a7f2a, org.springframework.boot.test.autoconfigure.web.client.MockRestServiceServerResetTestExecutionListener@4ea5b703, org.springframework.boot.test.autoconfigure.web.servlet.MockMvcPrintOnlyOnFailureTestExecutionListener@2a7ed1f, org.springframework.boot.test.autoconfigure.web.servlet.WebDriverTestExecutionListener@3fa247d1, org.springframework.boot.test.autoconfigure.webservices.client.MockWebServiceServerTestExecutionListener@2cb2fc20]
00:01:32.108 [main] INFO  c.p.PrjapitransApplicationTests - Starting PrjapitransApplicationTests using Java 1.8.0_401 on RafaelValverdeP with PID 18572 (started by RafaelValverde in C:\Projetos\Java\prjapitrans)
00:01:32.133 [main] INFO  c.p.PrjapitransApplicationTests - No active profile set, falling back to default profiles: default
00:01:32.957 [main] INFO  o.s.d.r.c.RepositoryConfigurationDelegate - Bootstrapping Spring Data JPA repositories in DEFAULT mode.
00:01:32.984 [main] INFO  o.s.d.r.c.RepositoryConfigurationDelegate - Finished Spring Data repository scanning in 15 ms. Found 0 JPA repository interfaces.
00:01:34.126 [main] INFO  com.zaxxer.hikari.HikariDataSource - HikariPoolBooks - Starting...
00:01:35.344 [main] INFO  com.zaxxer.hikari.HikariDataSource - HikariPoolBooks - Start completed.
00:01:37.119 [main] INFO  o.s.o.j.LocalContainerEntityManagerFactoryBean - Initialized JPA EntityManagerFactory for persistence unit 'default'
00:01:37.505 [main] WARN  o.s.b.a.o.j.JpaBaseConfiguration$JpaWebConfiguration - spring.jpa.open-in-view is enabled by default. Therefore, database queries may be performed during view rendering. Explicitly configure spring.jpa.open-in-view to disable this warning
00:01:38.366 [main] INFO  c.p.PrjapitransApplicationTests - Started PrjapitransApplicationTests in 6.696 seconds (JVM running for 7.871)
00:01:38.559 [SpringApplicationShutdownHook] INFO  o.s.o.j.LocalContainerEntityManagerFactoryBean - Closing JPA EntityManagerFactory for persistence unit 'default'
00:01:38.562 [SpringApplicationShutdownHook] INFO  com.zaxxer.hikari.HikariDataSource - HikariPoolBooks - Shutdown initiated...
00:01:38.597 [SpringApplicationShutdownHook] INFO  com.zaxxer.hikari.HikariDataSource - HikariPoolBooks - Shutdown completed.
00:01:51.555 [main] INFO  c.prjapitrans.PrjapitransApplication - Starting PrjapitransApplication using Java 1.8.0_401 on RafaelValverdeP with PID 11252 (C:\Projetos\Java\prjapitrans\target\classes started by RafaelValverde in C:\Projetos\Java\prjapitrans)
00:01:51.558 [main] INFO  c.prjapitrans.PrjapitransApplication - No active profile set, falling back to default profiles: default
00:01:52.053 [main] INFO  o.s.d.r.c.RepositoryConfigurationDelegate - Bootstrapping Spring Data JPA repositories in DEFAULT mode.
00:01:52.065 [main] INFO  o.s.d.r.c.RepositoryConfigurationDelegate - Finished Spring Data repository scanning in 4 ms. Found 0 JPA repository interfaces.
00:01:52.770 [main] INFO  o.s.b.w.e.tomcat.TomcatWebServer - Tomcat initialized with port(s): 8080 (http)
00:01:52.778 [main] INFO  o.a.coyote.http11.Http11NioProtocol - Initializing ProtocolHandler ["http-nio-8080"]
00:01:52.779 [main] INFO  o.a.catalina.core.StandardService - Starting service [Tomcat]
00:01:52.779 [main] INFO  o.a.catalina.core.StandardEngine - Starting Servlet engine: [Apache Tomcat/9.0.52]
00:01:52.840 [main] INFO  o.a.c.c.C.[Tomcat].[localhost].[/] - Initializing Spring embedded WebApplicationContext
00:01:52.840 [main] INFO  o.s.b.w.s.c.ServletWebServerApplicationContext - Root WebApplicationContext: initialization completed in 1244 ms
00:01:52.966 [main] INFO  com.zaxxer.hikari.HikariDataSource - HikariPoolBooks - Starting...
00:01:53.586 [main] INFO  com.zaxxer.hikari.HikariDataSource - HikariPoolBooks - Start completed.
00:01:55.054 [main] INFO  o.s.o.j.LocalContainerEntityManagerFactoryBean - Initialized JPA EntityManagerFactory for persistence unit 'default'
00:01:55.118 [main] WARN  o.s.b.a.o.j.JpaBaseConfiguration$JpaWebConfiguration - spring.jpa.open-in-view is enabled by default. Therefore, database queries may be performed during view rendering. Explicitly configure spring.jpa.open-in-view to disable this warning
00:01:55.302 [main] INFO  o.a.coyote.http11.Http11NioProtocol - Starting ProtocolHandler ["http-nio-8080"]
00:01:55.322 [main] INFO  o.s.b.w.e.tomcat.TomcatWebServer - Tomcat started on port(s): 8080 (http) with context path ''
00:01:55.329 [main] INFO  c.prjapitrans.PrjapitransApplication - Started PrjapitransApplication in 4.063 seconds (JVM running for 4.55)
00:01:59.158 [http-nio-8080-exec-2] INFO  o.a.c.c.C.[Tomcat].[localhost].[/] - Initializing Spring DispatcherServlet 'dispatcherServlet'
00:01:59.159 [http-nio-8080-exec-2] INFO  o.s.web.servlet.DispatcherServlet - Initializing Servlet 'dispatcherServlet'
00:01:59.162 [http-nio-8080-exec-2] INFO  o.s.web.servlet.DispatcherServlet - Completed initialization in 2 ms
00:01:59.243 [http-nio-8080-exec-2] ERROR com.zaxxer.hikari.HikariConfig - HikariPool-1 - dataSource or dataSourceClassName or jdbcUrl is required.
