23:47:05.556 [SpringApplicationShutdownHook] INFO  o.s.o.j.LocalContainerEntityManagerFactoryBean - Closing JPA EntityManagerFactory for persistence unit 'default'
23:47:05.561 [SpringApplicationShutdownHook] INFO  com.zaxxer.hikari.HikariDataSource - HikariPoolBooks - Shutdown initiated...
23:47:05.633 [SpringApplicationShutdownHook] INFO  com.zaxxer.hikari.HikariDataSource - HikariPoolBooks - Shutdown completed.
23:47:23.112 [main] INFO  c.prjapitrans.PrjapitransApplication - Starting PrjapitransApplication using Java 1.8.0_401 on RafaelValverdeP with PID 12396 (C:\Projetos\Java\prjapitrans\target\classes started by RafaelValverde in C:\Projetos\Java\prjapitrans)
23:47:23.115 [main] INFO  c.prjapitrans.PrjapitransApplication - No active profile set, falling back to default profiles: default
23:47:23.916 [main] INFO  o.s.d.r.c.RepositoryConfigurationDelegate - Bootstrapping Spring Data JPA repositories in DEFAULT mode.
23:47:23.938 [main] INFO  o.s.d.r.c.RepositoryConfigurationDelegate - Finished Spring Data repository scanning in 7 ms. Found 0 JPA repository interfaces.
23:47:25.009 [main] INFO  o.s.b.w.e.tomcat.TomcatWebServer - Tomcat initialized with port(s): 8080 (http)
23:47:25.019 [main] INFO  o.a.coyote.http11.Http11NioProtocol - Initializing ProtocolHandler ["http-nio-8080"]
23:47:25.020 [main] INFO  o.a.catalina.core.StandardService - Starting service [Tomcat]
23:47:25.021 [main] INFO  o.a.catalina.core.StandardEngine - Starting Servlet engine: [Apache Tomcat/9.0.52]
23:47:25.104 [main] INFO  o.a.c.c.C.[Tomcat].[localhost].[/] - Initializing Spring embedded WebApplicationContext
23:47:25.104 [main] INFO  o.s.b.w.s.c.ServletWebServerApplicationContext - Root WebApplicationContext: initialization completed in 1943 ms
23:47:25.309 [main] INFO  com.zaxxer.hikari.HikariDataSource - HikariPoolBooks - Starting...
23:47:26.270 [main] INFO  com.zaxxer.hikari.HikariDataSource - HikariPoolBooks - Start completed.
23:47:27.198 [main] INFO  o.s.o.j.LocalContainerEntityManagerFactoryBean - Initialized JPA EntityManagerFactory for persistence unit 'default'
23:47:27.281 [main] WARN  o.s.b.a.o.j.JpaBaseConfiguration$JpaWebConfiguration - spring.jpa.open-in-view is enabled by default. Therefore, database queries may be performed during view rendering. Explicitly configure spring.jpa.open-in-view to disable this warning
23:47:27.486 [main] INFO  o.a.coyote.http11.Http11NioProtocol - Starting ProtocolHandler ["http-nio-8080"]
23:47:27.494 [main] INFO  o.s.b.w.e.tomcat.TomcatWebServer - Tomcat started on port(s): 8080 (http) with context path ''
23:47:27.503 [main] INFO  c.prjapitrans.PrjapitransApplication - Started PrjapitransApplication in 4.766 seconds (JVM running for 5.253)
23:47:29.843 [http-nio-8080-exec-2] INFO  o.a.c.c.C.[Tomcat].[localhost].[/] - Initializing Spring DispatcherServlet 'dispatcherServlet'
23:47:29.844 [http-nio-8080-exec-2] INFO  o.s.web.servlet.DispatcherServlet - Initializing Servlet 'dispatcherServlet'
23:47:29.846 [http-nio-8080-exec-2] INFO  o.s.web.servlet.DispatcherServlet - Completed initialization in 1 ms
23:47:29.913 [http-nio-8080-exec-2] ERROR com.zaxxer.hikari.HikariConfig - HikariPool-1 - dataSource or dataSourceClassName or jdbcUrl is required.
