16:30:00.152 [main] INFO  c.prjapitrans.PrjapitransApplication - Starting PrjapitransApplication using Java 1.8.0_401 on RafaelValverdeP with PID 12640 (C:\Projetos\Java\prjapitrans\target\classes started by RafaelValverde in C:\Projetos\Java\prjapitrans)
16:30:00.156 [main] INFO  c.prjapitrans.PrjapitransApplication - No active profile set, falling back to default profiles: default
16:30:00.882 [main] INFO  o.s.d.r.c.RepositoryConfigurationDelegate - Bootstrapping Spring Data JPA repositories in DEFAULT mode.
16:30:00.940 [main] INFO  o.s.d.r.c.RepositoryConfigurationDelegate - Finished Spring Data repository scanning in 50 ms. Found 1 JPA repository interfaces.
16:30:01.652 [main] INFO  o.s.b.w.e.tomcat.TomcatWebServer - Tomcat initialized with port(s): 8080 (http)
16:30:01.660 [main] INFO  o.a.coyote.http11.Http11NioProtocol - Initializing ProtocolHandler ["http-nio-8080"]
16:30:01.661 [main] INFO  o.a.catalina.core.StandardService - Starting service [Tomcat]
16:30:01.661 [main] INFO  o.a.catalina.core.StandardEngine - Starting Servlet engine: [Apache Tomcat/9.0.52]
16:30:01.737 [main] INFO  o.a.c.c.C.[Tomcat].[localhost].[/] - Initializing Spring embedded WebApplicationContext
16:30:01.737 [main] INFO  o.s.b.w.s.c.ServletWebServerApplicationContext - Root WebApplicationContext: initialization completed in 1545 ms
16:30:01.953 [main] INFO  com.zaxxer.hikari.HikariDataSource - HikariPool-1 - Starting...
16:30:02.819 [main] INFO  com.zaxxer.hikari.HikariDataSource - HikariPool-1 - Start completed.
16:30:04.448 [main] INFO  o.s.o.j.LocalContainerEntityManagerFactoryBean - Initialized JPA EntityManagerFactory for persistence unit 'default'
16:30:04.635 [main] WARN  o.s.b.w.s.c.AnnotationConfigServletWebServerApplicationContext - Exception encountered during context initialization - cancelling refresh attempt: org.springframework.beans.factory.UnsatisfiedDependencyException: Error creating bean with name 'usuarioController': Unsatisfied dependency expressed through field 'usuarioService'; nested exception is org.springframework.beans.factory.UnsatisfiedDependencyException: Error creating bean with name 'usuarioService': Unsatisfied dependency expressed through field 'usuarioRepository'; nested exception is org.springframework.beans.factory.BeanCreationException: Error creating bean with name 'usuarioRepository' defined in com.prjapitrans.domain.usuario.UsuarioRepository defined in @EnableJpaRepositories declared on JpaRepositoriesRegistrar.EnableJpaRepositoriesConfiguration: Invocation of init method failed; nested exception is org.springframework.data.repository.query.QueryCreationException: Could not create query for public abstract com.prjapitrans.domain.usuario.tbctrusuario com.prjapitrans.domain.usuario.UsuarioRepository.findByLoginAndSenha(com.prjapitrans.domain.usuario.UsuarioRequest)! Reason: Failed to create query for method public abstract com.prjapitrans.domain.usuario.tbctrusuario com.prjapitrans.domain.usuario.UsuarioRepository.findByLoginAndSenha(com.prjapitrans.domain.usuario.UsuarioRequest)! Method public abstract com.prjapitrans.domain.usuario.tbctrusuario com.prjapitrans.domain.usuario.UsuarioRepository.findByLoginAndSenha(com.prjapitrans.domain.usuario.UsuarioRequest) expects at least 2 arguments but only found 1. This leaves an operator of type SIMPLE_PROPERTY for property senha unbound.; nested exception is java.lang.IllegalArgumentException: Failed to create query for method public abstract com.prjapitrans.domain.usuario.tbctrusuario com.prjapitrans.domain.usuario.UsuarioRepository.findByLoginAndSenha(com.prjapitrans.domain.usuario.UsuarioRequest)! Method public abstract com.prjapitrans.domain.usuario.tbctrusuario com.prjapitrans.domain.usuario.UsuarioRepository.findByLoginAndSenha(com.prjapitrans.domain.usuario.UsuarioRequest) expects at least 2 arguments but only found 1. This leaves an operator of type SIMPLE_PROPERTY for property senha unbound.
16:30:04.636 [main] INFO  o.s.o.j.LocalContainerEntityManagerFactoryBean - Closing JPA EntityManagerFactory for persistence unit 'default'
16:30:04.642 [main] INFO  com.zaxxer.hikari.HikariDataSource - HikariPool-1 - Shutdown initiated...
16:30:04.900 [main] INFO  com.zaxxer.hikari.HikariDataSource - HikariPool-1 - Shutdown completed.
16:30:04.902 [main] INFO  o.a.catalina.core.StandardService - Stopping service [Tomcat]
16:30:04.916 [main] INFO  o.s.b.a.l.ConditionEvaluationReportLoggingListener - 

Error starting ApplicationContext. To display the conditions report re-run your application with 'debug' enabled.
16:30:04.932 [main] ERROR o.s.boot.SpringApplication - Application run failed
org.springframework.beans.factory.UnsatisfiedDependencyException: Error creating bean with name 'usuarioController': Unsatisfied dependency expressed through field 'usuarioService'; nested exception is org.springframework.beans.factory.UnsatisfiedDependencyException: Error creating bean with name 'usuarioService': Unsatisfied dependency expressed through field 'usuarioRepository'; nested exception is org.springframework.beans.factory.BeanCreationException: Error creating bean with name 'usuarioRepository' defined in com.prjapitrans.domain.usuario.UsuarioRepository defined in @EnableJpaRepositories declared on JpaRepositoriesRegistrar.EnableJpaRepositoriesConfiguration: Invocation of init method failed; nested exception is org.springframework.data.repository.query.QueryCreationException: Could not create query for public abstract com.prjapitrans.domain.usuario.tbctrusuario com.prjapitrans.domain.usuario.UsuarioRepository.findByLoginAndSenha(com.prjapitrans.domain.usuario.UsuarioRequest)! Reason: Failed to create query for method public abstract com.prjapitrans.domain.usuario.tbctrusuario com.prjapitrans.domain.usuario.UsuarioRepository.findByLoginAndSenha(com.prjapitrans.domain.usuario.UsuarioRequest)! Method public abstract com.prjapitrans.domain.usuario.tbctrusuario com.prjapitrans.domain.usuario.UsuarioRepository.findByLoginAndSenha(com.prjapitrans.domain.usuario.UsuarioRequest) expects at least 2 arguments but only found 1. This leaves an operator of type SIMPLE_PROPERTY for property senha unbound.; nested exception is java.lang.IllegalArgumentException: Failed to create query for method public abstract com.prjapitrans.domain.usuario.tbctrusuario com.prjapitrans.domain.usuario.UsuarioRepository.findByLoginAndSenha(com.prjapitrans.domain.usuario.UsuarioRequest)! Method public abstract com.prjapitrans.domain.usuario.tbctrusuario com.prjapitrans.domain.usuario.UsuarioRepository.findByLoginAndSenha(com.prjapitrans.domain.usuario.UsuarioRequest) expects at least 2 arguments but only found 1. This leaves an operator of type SIMPLE_PROPERTY for property senha unbound.
	at org.springframework.beans.factory.annotation.AutowiredAnnotationBeanPostProcessor$AutowiredFieldElement.resolveFieldValue(AutowiredAnnotationBeanPostProcessor.java:660)
	at org.springframework.beans.factory.annotation.AutowiredAnnotationBeanPostProcessor$AutowiredFieldElement.inject(AutowiredAnnotationBeanPostProcessor.java:640)
	at org.springframework.beans.factory.annotation.InjectionMetadata.inject(InjectionMetadata.java:119)
	at org.springframework.beans.factory.annotation.AutowiredAnnotationBeanPostProcessor.postProcessProperties(AutowiredAnnotationBeanPostProcessor.java:399)
	at org.springframework.beans.factory.support.AbstractAutowireCapableBeanFactory.populateBean(AbstractAutowireCapableBeanFactory.java:1413)
	at org.springframework.beans.factory.support.AbstractAutowireCapableBeanFactory.doCreateBean(AbstractAutowireCapableBeanFactory.java:601)
	at org.springframework.beans.factory.support.AbstractAutowireCapableBeanFactory.createBean(AbstractAutowireCapableBeanFactory.java:524)
	at org.springframework.beans.factory.support.AbstractBeanFactory.lambda$doGetBean$0(AbstractBeanFactory.java:335)
	at org.springframework.beans.factory.support.DefaultSingletonBeanRegistry.getSingleton(DefaultSingletonBeanRegistry.java:234)
	at org.springframework.beans.factory.support.AbstractBeanFactory.doGetBean(AbstractBeanFactory.java:333)
	at org.springframework.beans.factory.support.AbstractBeanFactory.getBean(AbstractBeanFactory.java:208)
	at org.springframework.beans.factory.support.DefaultListableBeanFactory.preInstantiateSingletons(DefaultListableBeanFactory.java:944)
	at org.springframework.context.support.AbstractApplicationContext.finishBeanFactoryInitialization(AbstractApplicationContext.java:918)
	at org.springframework.context.support.AbstractApplicationContext.refresh(AbstractApplicationContext.java:583)
	at org.springframework.boot.web.servlet.context.ServletWebServerApplicationContext.refresh(ServletWebServerApplicationContext.java:145)
	at org.springframework.boot.SpringApplication.refresh(SpringApplication.java:754)
	at org.springframework.boot.SpringApplication.refreshContext(SpringApplication.java:434)
	at org.springframework.boot.SpringApplication.run(SpringApplication.java:338)
	at org.springframework.boot.SpringApplication.run(SpringApplication.java:1343)
	at org.springframework.boot.SpringApplication.run(SpringApplication.java:1332)
	at com.prjapitrans.PrjapitransApplication.main(PrjapitransApplication.java:10)
Caused by: org.springframework.beans.factory.UnsatisfiedDependencyException: Error creating bean with name 'usuarioService': Unsatisfied dependency expressed through field 'usuarioRepository'; nested exception is org.springframework.beans.factory.BeanCreationException: Error creating bean with name 'usuarioRepository' defined in com.prjapitrans.domain.usuario.UsuarioRepository defined in @EnableJpaRepositories declared on JpaRepositoriesRegistrar.EnableJpaRepositoriesConfiguration: Invocation of init method failed; nested exception is org.springframework.data.repository.query.QueryCreationException: Could not create query for public abstract com.prjapitrans.domain.usuario.tbctrusuario com.prjapitrans.domain.usuario.UsuarioRepository.findByLoginAndSenha(com.prjapitrans.domain.usuario.UsuarioRequest)! Reason: Failed to create query for method public abstract com.prjapitrans.domain.usuario.tbctrusuario com.prjapitrans.domain.usuario.UsuarioRepository.findByLoginAndSenha(com.prjapitrans.domain.usuario.UsuarioRequest)! Method public abstract com.prjapitrans.domain.usuario.tbctrusuario com.prjapitrans.domain.usuario.UsuarioRepository.findByLoginAndSenha(com.prjapitrans.domain.usuario.UsuarioRequest) expects at least 2 arguments but only found 1. This leaves an operator of type SIMPLE_PROPERTY for property senha unbound.; nested exception is java.lang.IllegalArgumentException: Failed to create query for method public abstract com.prjapitrans.domain.usuario.tbctrusuario com.prjapitrans.domain.usuario.UsuarioRepository.findByLoginAndSenha(com.prjapitrans.domain.usuario.UsuarioRequest)! Method public abstract com.prjapitrans.domain.usuario.tbctrusuario com.prjapitrans.domain.usuario.UsuarioRepository.findByLoginAndSenha(com.prjapitrans.domain.usuario.UsuarioRequest) expects at least 2 arguments but only found 1. This leaves an operator of type SIMPLE_PROPERTY for property senha unbound.
	at org.springframework.beans.factory.annotation.AutowiredAnnotationBeanPostProcessor$AutowiredFieldElement.resolveFieldValue(AutowiredAnnotationBeanPostProcessor.java:660)
	at org.springframework.beans.factory.annotation.AutowiredAnnotationBeanPostProcessor$AutowiredFieldElement.inject(AutowiredAnnotationBeanPostProcessor.java:640)
	at org.springframework.beans.factory.annotation.InjectionMetadata.inject(InjectionMetadata.java:119)
	at org.springframework.beans.factory.annotation.AutowiredAnnotationBeanPostProcessor.postProcessProperties(AutowiredAnnotationBeanPostProcessor.java:399)
	at org.springframework.beans.factory.support.AbstractAutowireCapableBeanFactory.populateBean(AbstractAutowireCapableBeanFactory.java:1413)
	at org.springframework.beans.factory.support.AbstractAutowireCapableBeanFactory.doCreateBean(AbstractAutowireCapableBeanFactory.java:601)
	at org.springframework.beans.factory.support.AbstractAutowireCapableBeanFactory.createBean(AbstractAutowireCapableBeanFactory.java:524)
	at org.springframework.beans.factory.support.AbstractBeanFactory.lambda$doGetBean$0(AbstractBeanFactory.java:335)
	at org.springframework.beans.factory.support.DefaultSingletonBeanRegistry.getSingleton(DefaultSingletonBeanRegistry.java:234)
	at org.springframework.beans.factory.support.AbstractBeanFactory.doGetBean(AbstractBeanFactory.java:333)
	at org.springframework.beans.factory.support.AbstractBeanFactory.getBean(AbstractBeanFactory.java:208)
	at org.springframework.beans.factory.config.DependencyDescriptor.resolveCandidate(DependencyDescriptor.java:276)
	at org.springframework.beans.factory.support.DefaultListableBeanFactory.doResolveDependency(DefaultListableBeanFactory.java:1380)
	at org.springframework.beans.factory.support.DefaultListableBeanFactory.resolveDependency(DefaultListableBeanFactory.java:1300)
	at org.springframework.beans.factory.annotation.AutowiredAnnotationBeanPostProcessor$AutowiredFieldElement.resolveFieldValue(AutowiredAnnotationBeanPostProcessor.java:657)
	... 20 common frames omitted
Caused by: org.springframework.beans.factory.BeanCreationException: Error creating bean with name 'usuarioRepository' defined in com.prjapitrans.domain.usuario.UsuarioRepository defined in @EnableJpaRepositories declared on JpaRepositoriesRegistrar.EnableJpaRepositoriesConfiguration: Invocation of init method failed; nested exception is org.springframework.data.repository.query.QueryCreationException: Could not create query for public abstract com.prjapitrans.domain.usuario.tbctrusuario com.prjapitrans.domain.usuario.UsuarioRepository.findByLoginAndSenha(com.prjapitrans.domain.usuario.UsuarioRequest)! Reason: Failed to create query for method public abstract com.prjapitrans.domain.usuario.tbctrusuario com.prjapitrans.domain.usuario.UsuarioRepository.findByLoginAndSenha(com.prjapitrans.domain.usuario.UsuarioRequest)! Method public abstract com.prjapitrans.domain.usuario.tbctrusuario com.prjapitrans.domain.usuario.UsuarioRepository.findByLoginAndSenha(com.prjapitrans.domain.usuario.UsuarioRequest) expects at least 2 arguments but only found 1. This leaves an operator of type SIMPLE_PROPERTY for property senha unbound.; nested exception is java.lang.IllegalArgumentException: Failed to create query for method public abstract com.prjapitrans.domain.usuario.tbctrusuario com.prjapitrans.domain.usuario.UsuarioRepository.findByLoginAndSenha(com.prjapitrans.domain.usuario.UsuarioRequest)! Method public abstract com.prjapitrans.domain.usuario.tbctrusuario com.prjapitrans.domain.usuario.UsuarioRepository.findByLoginAndSenha(com.prjapitrans.domain.usuario.UsuarioRequest) expects at least 2 arguments but only found 1. This leaves an operator of type SIMPLE_PROPERTY for property senha unbound.
	at org.springframework.beans.factory.support.AbstractAutowireCapableBeanFactory.initializeBean(AbstractAutowireCapableBeanFactory.java:1786)
	at org.springframework.beans.factory.support.AbstractAutowireCapableBeanFactory.doCreateBean(AbstractAutowireCapableBeanFactory.java:602)
	at org.springframework.beans.factory.support.AbstractAutowireCapableBeanFactory.createBean(AbstractAutowireCapableBeanFactory.java:524)
	at org.springframework.beans.factory.support.AbstractBeanFactory.lambda$doGetBean$0(AbstractBeanFactory.java:335)
	at org.springframework.beans.factory.support.DefaultSingletonBeanRegistry.getSingleton(DefaultSingletonBeanRegistry.java:234)
	at org.springframework.beans.factory.support.AbstractBeanFactory.doGetBean(AbstractBeanFactory.java:333)
	at org.springframework.beans.factory.support.AbstractBeanFactory.getBean(AbstractBeanFactory.java:208)
	at org.springframework.beans.factory.config.DependencyDescriptor.resolveCandidate(DependencyDescriptor.java:276)
	at org.springframework.beans.factory.support.DefaultListableBeanFactory.doResolveDependency(DefaultListableBeanFactory.java:1380)
	at org.springframework.beans.factory.support.DefaultListableBeanFactory.resolveDependency(DefaultListableBeanFactory.java:1300)
	at org.springframework.beans.factory.annotation.AutowiredAnnotationBeanPostProcessor$AutowiredFieldElement.resolveFieldValue(AutowiredAnnotationBeanPostProcessor.java:657)
	... 34 common frames omitted
Caused by: org.springframework.data.repository.query.QueryCreationException: Could not create query for public abstract com.prjapitrans.domain.usuario.tbctrusuario com.prjapitrans.domain.usuario.UsuarioRepository.findByLoginAndSenha(com.prjapitrans.domain.usuario.UsuarioRequest)! Reason: Failed to create query for method public abstract com.prjapitrans.domain.usuario.tbctrusuario com.prjapitrans.domain.usuario.UsuarioRepository.findByLoginAndSenha(com.prjapitrans.domain.usuario.UsuarioRequest)! Method public abstract com.prjapitrans.domain.usuario.tbctrusuario com.prjapitrans.domain.usuario.UsuarioRepository.findByLoginAndSenha(com.prjapitrans.domain.usuario.UsuarioRequest) expects at least 2 arguments but only found 1. This leaves an operator of type SIMPLE_PROPERTY for property senha unbound.; nested exception is java.lang.IllegalArgumentException: Failed to create query for method public abstract com.prjapitrans.domain.usuario.tbctrusuario com.prjapitrans.domain.usuario.UsuarioRepository.findByLoginAndSenha(com.prjapitrans.domain.usuario.UsuarioRequest)! Method public abstract com.prjapitrans.domain.usuario.tbctrusuario com.prjapitrans.domain.usuario.UsuarioRepository.findByLoginAndSenha(com.prjapitrans.domain.usuario.UsuarioRequest) expects at least 2 arguments but only found 1. This leaves an operator of type SIMPLE_PROPERTY for property senha unbound.
	at org.springframework.data.repository.query.QueryCreationException.create(QueryCreationException.java:101)
	at org.springframework.data.repository.core.support.QueryExecutorMethodInterceptor.lookupQuery(QueryExecutorMethodInterceptor.java:106)
	at org.springframework.data.repository.core.support.QueryExecutorMethodInterceptor.lambda$mapMethodsToQuery$1(QueryExecutorMethodInterceptor.java:94)
	at java.util.stream.ReferencePipeline$3$1.accept(ReferencePipeline.java:193)
	at java.util.Iterator.forEachRemaining(Iterator.java:116)
	at java.util.Collections$UnmodifiableCollection$1.forEachRemaining(Collections.java:1051)
	at java.util.Spliterators$IteratorSpliterator.forEachRemaining(Spliterators.java:1801)
	at java.util.stream.AbstractPipeline.copyInto(AbstractPipeline.java:482)
	at java.util.stream.AbstractPipeline.wrapAndCopyInto(AbstractPipeline.java:472)
	at java.util.stream.ReduceOps$ReduceOp.evaluateSequential(ReduceOps.java:708)
	at java.util.stream.AbstractPipeline.evaluate(AbstractPipeline.java:234)
	at java.util.stream.ReferencePipeline.collect(ReferencePipeline.java:499)
	at org.springframework.data.repository.core.support.QueryExecutorMethodInterceptor.mapMethodsToQuery(QueryExecutorMethodInterceptor.java:96)
	at org.springframework.data.repository.core.support.QueryExecutorMethodInterceptor.lambda$new$0(QueryExecutorMethodInterceptor.java:86)
	at java.util.Optional.map(Optional.java:215)
	at org.springframework.data.repository.core.support.QueryExecutorMethodInterceptor.<init>(QueryExecutorMethodInterceptor.java:86)
	at org.springframework.data.repository.core.support.RepositoryFactorySupport.getRepository(RepositoryFactorySupport.java:360)
	at org.springframework.data.repository.core.support.RepositoryFactoryBeanSupport.lambda$afterPropertiesSet$5(RepositoryFactoryBeanSupport.java:323)
	at org.springframework.data.util.Lazy.getNullable(Lazy.java:230)
	at org.springframework.data.util.Lazy.get(Lazy.java:114)
	at org.springframework.data.repository.core.support.RepositoryFactoryBeanSupport.afterPropertiesSet(RepositoryFactoryBeanSupport.java:329)
	at org.springframework.data.jpa.repository.support.JpaRepositoryFactoryBean.afterPropertiesSet(JpaRepositoryFactoryBean.java:144)
	at org.springframework.beans.factory.support.AbstractAutowireCapableBeanFactory.invokeInitMethods(AbstractAutowireCapableBeanFactory.java:1845)
	at org.springframework.beans.factory.support.AbstractAutowireCapableBeanFactory.initializeBean(AbstractAutowireCapableBeanFactory.java:1782)
	... 44 common frames omitted
Caused by: java.lang.IllegalArgumentException: Failed to create query for method public abstract com.prjapitrans.domain.usuario.tbctrusuario com.prjapitrans.domain.usuario.UsuarioRepository.findByLoginAndSenha(com.prjapitrans.domain.usuario.UsuarioRequest)! Method public abstract com.prjapitrans.domain.usuario.tbctrusuario com.prjapitrans.domain.usuario.UsuarioRepository.findByLoginAndSenha(com.prjapitrans.domain.usuario.UsuarioRequest) expects at least 2 arguments but only found 1. This leaves an operator of type SIMPLE_PROPERTY for property senha unbound.
	at org.springframework.data.jpa.repository.query.PartTreeJpaQuery.<init>(PartTreeJpaQuery.java:96)
	at org.springframework.data.jpa.repository.query.JpaQueryLookupStrategy$CreateQueryLookupStrategy.resolveQuery(JpaQueryLookupStrategy.java:107)
	at org.springframework.data.jpa.repository.query.JpaQueryLookupStrategy$CreateIfNotFoundQueryLookupStrategy.resolveQuery(JpaQueryLookupStrategy.java:218)
	at org.springframework.data.jpa.repository.query.JpaQueryLookupStrategy$AbstractQueryLookupStrategy.resolveQuery(JpaQueryLookupStrategy.java:81)
	at org.springframework.data.repository.core.support.QueryExecutorMethodInterceptor.lookupQuery(QueryExecutorMethodInterceptor.java:102)
	... 66 common frames omitted
Caused by: java.lang.IllegalStateException: Method public abstract com.prjapitrans.domain.usuario.tbctrusuario com.prjapitrans.domain.usuario.UsuarioRepository.findByLoginAndSenha(com.prjapitrans.domain.usuario.UsuarioRequest) expects at least 2 arguments but only found 1. This leaves an operator of type SIMPLE_PROPERTY for property senha unbound.
	at org.springframework.data.jpa.repository.query.PartTreeJpaQuery.throwExceptionOnArgumentMismatch(PartTreeJpaQuery.java:161)
	at org.springframework.data.jpa.repository.query.PartTreeJpaQuery.validate(PartTreeJpaQuery.java:147)
	at org.springframework.data.jpa.repository.query.PartTreeJpaQuery.<init>(PartTreeJpaQuery.java:90)
	... 70 common frames omitted
16:30:45.925 [main] INFO  c.prjapitrans.PrjapitransApplication - Starting PrjapitransApplication using Java 1.8.0_401 on RafaelValverdeP with PID 20776 (C:\Projetos\Java\prjapitrans\target\classes started by RafaelValverde in C:\Projetos\Java\prjapitrans)
16:30:45.927 [main] INFO  c.prjapitrans.PrjapitransApplication - No active profile set, falling back to default profiles: default
16:30:46.624 [main] INFO  o.s.d.r.c.RepositoryConfigurationDelegate - Bootstrapping Spring Data JPA repositories in DEFAULT mode.
16:30:46.678 [main] INFO  o.s.d.r.c.RepositoryConfigurationDelegate - Finished Spring Data repository scanning in 47 ms. Found 1 JPA repository interfaces.
16:30:47.415 [main] INFO  o.s.b.w.e.tomcat.TomcatWebServer - Tomcat initialized with port(s): 8080 (http)
16:30:47.424 [main] INFO  o.a.coyote.http11.Http11NioProtocol - Initializing ProtocolHandler ["http-nio-8080"]
16:30:47.425 [main] INFO  o.a.catalina.core.StandardService - Starting service [Tomcat]
16:30:47.425 [main] INFO  o.a.catalina.core.StandardEngine - Starting Servlet engine: [Apache Tomcat/9.0.52]
16:30:47.507 [main] INFO  o.a.c.c.C.[Tomcat].[localhost].[/] - Initializing Spring embedded WebApplicationContext
16:30:47.507 [main] INFO  o.s.b.w.s.c.ServletWebServerApplicationContext - Root WebApplicationContext: initialization completed in 1542 ms
16:30:47.723 [main] INFO  com.zaxxer.hikari.HikariDataSource - HikariPool-1 - Starting...
16:30:48.480 [main] INFO  com.zaxxer.hikari.HikariDataSource - HikariPool-1 - Start completed.
16:30:51.626 [main] INFO  o.s.o.j.LocalContainerEntityManagerFactoryBean - Initialized JPA EntityManagerFactory for persistence unit 'default'
16:30:51.809 [main] WARN  o.s.b.w.s.c.AnnotationConfigServletWebServerApplicationContext - Exception encountered during context initialization - cancelling refresh attempt: org.springframework.beans.factory.UnsatisfiedDependencyException: Error creating bean with name 'usuarioController': Unsatisfied dependency expressed through field 'usuarioService'; nested exception is org.springframework.beans.factory.UnsatisfiedDependencyException: Error creating bean with name 'usuarioService': Unsatisfied dependency expressed through field 'usuarioRepository'; nested exception is org.springframework.beans.factory.BeanCreationException: Error creating bean with name 'usuarioRepository' defined in com.prjapitrans.domain.usuario.UsuarioRepository defined in @EnableJpaRepositories declared on JpaRepositoriesRegistrar.EnableJpaRepositoriesConfiguration: Invocation of init method failed; nested exception is org.springframework.data.repository.query.QueryCreationException: Could not create query for public abstract org.springframework.http.ResponseEntity com.prjapitrans.domain.usuario.UsuarioRepository.findByLoginAndSenha(com.prjapitrans.domain.usuario.UsuarioRequest)! Reason: Failed to create query for method public abstract org.springframework.http.ResponseEntity com.prjapitrans.domain.usuario.UsuarioRepository.findByLoginAndSenha(com.prjapitrans.domain.usuario.UsuarioRequest)! Method public abstract org.springframework.http.ResponseEntity com.prjapitrans.domain.usuario.UsuarioRepository.findByLoginAndSenha(com.prjapitrans.domain.usuario.UsuarioRequest) expects at least 2 arguments but only found 1. This leaves an operator of type SIMPLE_PROPERTY for property senha unbound.; nested exception is java.lang.IllegalArgumentException: Failed to create query for method public abstract org.springframework.http.ResponseEntity com.prjapitrans.domain.usuario.UsuarioRepository.findByLoginAndSenha(com.prjapitrans.domain.usuario.UsuarioRequest)! Method public abstract org.springframework.http.ResponseEntity com.prjapitrans.domain.usuario.UsuarioRepository.findByLoginAndSenha(com.prjapitrans.domain.usuario.UsuarioRequest) expects at least 2 arguments but only found 1. This leaves an operator of type SIMPLE_PROPERTY for property senha unbound.
16:30:51.810 [main] INFO  o.s.o.j.LocalContainerEntityManagerFactoryBean - Closing JPA EntityManagerFactory for persistence unit 'default'
16:30:51.815 [main] INFO  com.zaxxer.hikari.HikariDataSource - HikariPool-1 - Shutdown initiated...
16:30:52.072 [main] INFO  com.zaxxer.hikari.HikariDataSource - HikariPool-1 - Shutdown completed.
16:30:52.074 [main] INFO  o.a.catalina.core.StandardService - Stopping service [Tomcat]
16:30:52.088 [main] INFO  o.s.b.a.l.ConditionEvaluationReportLoggingListener - 

Error starting ApplicationContext. To display the conditions report re-run your application with 'debug' enabled.
16:30:52.105 [main] ERROR o.s.boot.SpringApplication - Application run failed
org.springframework.beans.factory.UnsatisfiedDependencyException: Error creating bean with name 'usuarioController': Unsatisfied dependency expressed through field 'usuarioService'; nested exception is org.springframework.beans.factory.UnsatisfiedDependencyException: Error creating bean with name 'usuarioService': Unsatisfied dependency expressed through field 'usuarioRepository'; nested exception is org.springframework.beans.factory.BeanCreationException: Error creating bean with name 'usuarioRepository' defined in com.prjapitrans.domain.usuario.UsuarioRepository defined in @EnableJpaRepositories declared on JpaRepositoriesRegistrar.EnableJpaRepositoriesConfiguration: Invocation of init method failed; nested exception is org.springframework.data.repository.query.QueryCreationException: Could not create query for public abstract org.springframework.http.ResponseEntity com.prjapitrans.domain.usuario.UsuarioRepository.findByLoginAndSenha(com.prjapitrans.domain.usuario.UsuarioRequest)! Reason: Failed to create query for method public abstract org.springframework.http.ResponseEntity com.prjapitrans.domain.usuario.UsuarioRepository.findByLoginAndSenha(com.prjapitrans.domain.usuario.UsuarioRequest)! Method public abstract org.springframework.http.ResponseEntity com.prjapitrans.domain.usuario.UsuarioRepository.findByLoginAndSenha(com.prjapitrans.domain.usuario.UsuarioRequest) expects at least 2 arguments but only found 1. This leaves an operator of type SIMPLE_PROPERTY for property senha unbound.; nested exception is java.lang.IllegalArgumentException: Failed to create query for method public abstract org.springframework.http.ResponseEntity com.prjapitrans.domain.usuario.UsuarioRepository.findByLoginAndSenha(com.prjapitrans.domain.usuario.UsuarioRequest)! Method public abstract org.springframework.http.ResponseEntity com.prjapitrans.domain.usuario.UsuarioRepository.findByLoginAndSenha(com.prjapitrans.domain.usuario.UsuarioRequest) expects at least 2 arguments but only found 1. This leaves an operator of type SIMPLE_PROPERTY for property senha unbound.
	at org.springframework.beans.factory.annotation.AutowiredAnnotationBeanPostProcessor$AutowiredFieldElement.resolveFieldValue(AutowiredAnnotationBeanPostProcessor.java:660)
	at org.springframework.beans.factory.annotation.AutowiredAnnotationBeanPostProcessor$AutowiredFieldElement.inject(AutowiredAnnotationBeanPostProcessor.java:640)
	at org.springframework.beans.factory.annotation.InjectionMetadata.inject(InjectionMetadata.java:119)
	at org.springframework.beans.factory.annotation.AutowiredAnnotationBeanPostProcessor.postProcessProperties(AutowiredAnnotationBeanPostProcessor.java:399)
	at org.springframework.beans.factory.support.AbstractAutowireCapableBeanFactory.populateBean(AbstractAutowireCapableBeanFactory.java:1413)
	at org.springframework.beans.factory.support.AbstractAutowireCapableBeanFactory.doCreateBean(AbstractAutowireCapableBeanFactory.java:601)
	at org.springframework.beans.factory.support.AbstractAutowireCapableBeanFactory.createBean(AbstractAutowireCapableBeanFactory.java:524)
	at org.springframework.beans.factory.support.AbstractBeanFactory.lambda$doGetBean$0(AbstractBeanFactory.java:335)
	at org.springframework.beans.factory.support.DefaultSingletonBeanRegistry.getSingleton(DefaultSingletonBeanRegistry.java:234)
	at org.springframework.beans.factory.support.AbstractBeanFactory.doGetBean(AbstractBeanFactory.java:333)
	at org.springframework.beans.factory.support.AbstractBeanFactory.getBean(AbstractBeanFactory.java:208)
	at org.springframework.beans.factory.support.DefaultListableBeanFactory.preInstantiateSingletons(DefaultListableBeanFactory.java:944)
	at org.springframework.context.support.AbstractApplicationContext.finishBeanFactoryInitialization(AbstractApplicationContext.java:918)
	at org.springframework.context.support.AbstractApplicationContext.refresh(AbstractApplicationContext.java:583)
	at org.springframework.boot.web.servlet.context.ServletWebServerApplicationContext.refresh(ServletWebServerApplicationContext.java:145)
	at org.springframework.boot.SpringApplication.refresh(SpringApplication.java:754)
	at org.springframework.boot.SpringApplication.refreshContext(SpringApplication.java:434)
	at org.springframework.boot.SpringApplication.run(SpringApplication.java:338)
	at org.springframework.boot.SpringApplication.run(SpringApplication.java:1343)
	at org.springframework.boot.SpringApplication.run(SpringApplication.java:1332)
	at com.prjapitrans.PrjapitransApplication.main(PrjapitransApplication.java:10)
Caused by: org.springframework.beans.factory.UnsatisfiedDependencyException: Error creating bean with name 'usuarioService': Unsatisfied dependency expressed through field 'usuarioRepository'; nested exception is org.springframework.beans.factory.BeanCreationException: Error creating bean with name 'usuarioRepository' defined in com.prjapitrans.domain.usuario.UsuarioRepository defined in @EnableJpaRepositories declared on JpaRepositoriesRegistrar.EnableJpaRepositoriesConfiguration: Invocation of init method failed; nested exception is org.springframework.data.repository.query.QueryCreationException: Could not create query for public abstract org.springframework.http.ResponseEntity com.prjapitrans.domain.usuario.UsuarioRepository.findByLoginAndSenha(com.prjapitrans.domain.usuario.UsuarioRequest)! Reason: Failed to create query for method public abstract org.springframework.http.ResponseEntity com.prjapitrans.domain.usuario.UsuarioRepository.findByLoginAndSenha(com.prjapitrans.domain.usuario.UsuarioRequest)! Method public abstract org.springframework.http.ResponseEntity com.prjapitrans.domain.usuario.UsuarioRepository.findByLoginAndSenha(com.prjapitrans.domain.usuario.UsuarioRequest) expects at least 2 arguments but only found 1. This leaves an operator of type SIMPLE_PROPERTY for property senha unbound.; nested exception is java.lang.IllegalArgumentException: Failed to create query for method public abstract org.springframework.http.ResponseEntity com.prjapitrans.domain.usuario.UsuarioRepository.findByLoginAndSenha(com.prjapitrans.domain.usuario.UsuarioRequest)! Method public abstract org.springframework.http.ResponseEntity com.prjapitrans.domain.usuario.UsuarioRepository.findByLoginAndSenha(com.prjapitrans.domain.usuario.UsuarioRequest) expects at least 2 arguments but only found 1. This leaves an operator of type SIMPLE_PROPERTY for property senha unbound.
	at org.springframework.beans.factory.annotation.AutowiredAnnotationBeanPostProcessor$AutowiredFieldElement.resolveFieldValue(AutowiredAnnotationBeanPostProcessor.java:660)
	at org.springframework.beans.factory.annotation.AutowiredAnnotationBeanPostProcessor$AutowiredFieldElement.inject(AutowiredAnnotationBeanPostProcessor.java:640)
	at org.springframework.beans.factory.annotation.InjectionMetadata.inject(InjectionMetadata.java:119)
	at org.springframework.beans.factory.annotation.AutowiredAnnotationBeanPostProcessor.postProcessProperties(AutowiredAnnotationBeanPostProcessor.java:399)
	at org.springframework.beans.factory.support.AbstractAutowireCapableBeanFactory.populateBean(AbstractAutowireCapableBeanFactory.java:1413)
	at org.springframework.beans.factory.support.AbstractAutowireCapableBeanFactory.doCreateBean(AbstractAutowireCapableBeanFactory.java:601)
	at org.springframework.beans.factory.support.AbstractAutowireCapableBeanFactory.createBean(AbstractAutowireCapableBeanFactory.java:524)
	at org.springframework.beans.factory.support.AbstractBeanFactory.lambda$doGetBean$0(AbstractBeanFactory.java:335)
	at org.springframework.beans.factory.support.DefaultSingletonBeanRegistry.getSingleton(DefaultSingletonBeanRegistry.java:234)
	at org.springframework.beans.factory.support.AbstractBeanFactory.doGetBean(AbstractBeanFactory.java:333)
	at org.springframework.beans.factory.support.AbstractBeanFactory.getBean(AbstractBeanFactory.java:208)
	at org.springframework.beans.factory.config.DependencyDescriptor.resolveCandidate(DependencyDescriptor.java:276)
	at org.springframework.beans.factory.support.DefaultListableBeanFactory.doResolveDependency(DefaultListableBeanFactory.java:1380)
	at org.springframework.beans.factory.support.DefaultListableBeanFactory.resolveDependency(DefaultListableBeanFactory.java:1300)
	at org.springframework.beans.factory.annotation.AutowiredAnnotationBeanPostProcessor$AutowiredFieldElement.resolveFieldValue(AutowiredAnnotationBeanPostProcessor.java:657)
	... 20 common frames omitted
Caused by: org.springframework.beans.factory.BeanCreationException: Error creating bean with name 'usuarioRepository' defined in com.prjapitrans.domain.usuario.UsuarioRepository defined in @EnableJpaRepositories declared on JpaRepositoriesRegistrar.EnableJpaRepositoriesConfiguration: Invocation of init method failed; nested exception is org.springframework.data.repository.query.QueryCreationException: Could not create query for public abstract org.springframework.http.ResponseEntity com.prjapitrans.domain.usuario.UsuarioRepository.findByLoginAndSenha(com.prjapitrans.domain.usuario.UsuarioRequest)! Reason: Failed to create query for method public abstract org.springframework.http.ResponseEntity com.prjapitrans.domain.usuario.UsuarioRepository.findByLoginAndSenha(com.prjapitrans.domain.usuario.UsuarioRequest)! Method public abstract org.springframework.http.ResponseEntity com.prjapitrans.domain.usuario.UsuarioRepository.findByLoginAndSenha(com.prjapitrans.domain.usuario.UsuarioRequest) expects at least 2 arguments but only found 1. This leaves an operator of type SIMPLE_PROPERTY for property senha unbound.; nested exception is java.lang.IllegalArgumentException: Failed to create query for method public abstract org.springframework.http.ResponseEntity com.prjapitrans.domain.usuario.UsuarioRepository.findByLoginAndSenha(com.prjapitrans.domain.usuario.UsuarioRequest)! Method public abstract org.springframework.http.ResponseEntity com.prjapitrans.domain.usuario.UsuarioRepository.findByLoginAndSenha(com.prjapitrans.domain.usuario.UsuarioRequest) expects at least 2 arguments but only found 1. This leaves an operator of type SIMPLE_PROPERTY for property senha unbound.
	at org.springframework.beans.factory.support.AbstractAutowireCapableBeanFactory.initializeBean(AbstractAutowireCapableBeanFactory.java:1786)
	at org.springframework.beans.factory.support.AbstractAutowireCapableBeanFactory.doCreateBean(AbstractAutowireCapableBeanFactory.java:602)
	at org.springframework.beans.factory.support.AbstractAutowireCapableBeanFactory.createBean(AbstractAutowireCapableBeanFactory.java:524)
	at org.springframework.beans.factory.support.AbstractBeanFactory.lambda$doGetBean$0(AbstractBeanFactory.java:335)
	at org.springframework.beans.factory.support.DefaultSingletonBeanRegistry.getSingleton(DefaultSingletonBeanRegistry.java:234)
	at org.springframework.beans.factory.support.AbstractBeanFactory.doGetBean(AbstractBeanFactory.java:333)
	at org.springframework.beans.factory.support.AbstractBeanFactory.getBean(AbstractBeanFactory.java:208)
	at org.springframework.beans.factory.config.DependencyDescriptor.resolveCandidate(DependencyDescriptor.java:276)
	at org.springframework.beans.factory.support.DefaultListableBeanFactory.doResolveDependency(DefaultListableBeanFactory.java:1380)
	at org.springframework.beans.factory.support.DefaultListableBeanFactory.resolveDependency(DefaultListableBeanFactory.java:1300)
	at org.springframework.beans.factory.annotation.AutowiredAnnotationBeanPostProcessor$AutowiredFieldElement.resolveFieldValue(AutowiredAnnotationBeanPostProcessor.java:657)
	... 34 common frames omitted
Caused by: org.springframework.data.repository.query.QueryCreationException: Could not create query for public abstract org.springframework.http.ResponseEntity com.prjapitrans.domain.usuario.UsuarioRepository.findByLoginAndSenha(com.prjapitrans.domain.usuario.UsuarioRequest)! Reason: Failed to create query for method public abstract org.springframework.http.ResponseEntity com.prjapitrans.domain.usuario.UsuarioRepository.findByLoginAndSenha(com.prjapitrans.domain.usuario.UsuarioRequest)! Method public abstract org.springframework.http.ResponseEntity com.prjapitrans.domain.usuario.UsuarioRepository.findByLoginAndSenha(com.prjapitrans.domain.usuario.UsuarioRequest) expects at least 2 arguments but only found 1. This leaves an operator of type SIMPLE_PROPERTY for property senha unbound.; nested exception is java.lang.IllegalArgumentException: Failed to create query for method public abstract org.springframework.http.ResponseEntity com.prjapitrans.domain.usuario.UsuarioRepository.findByLoginAndSenha(com.prjapitrans.domain.usuario.UsuarioRequest)! Method public abstract org.springframework.http.ResponseEntity com.prjapitrans.domain.usuario.UsuarioRepository.findByLoginAndSenha(com.prjapitrans.domain.usuario.UsuarioRequest) expects at least 2 arguments but only found 1. This leaves an operator of type SIMPLE_PROPERTY for property senha unbound.
	at org.springframework.data.repository.query.QueryCreationException.create(QueryCreationException.java:101)
	at org.springframework.data.repository.core.support.QueryExecutorMethodInterceptor.lookupQuery(QueryExecutorMethodInterceptor.java:106)
	at org.springframework.data.repository.core.support.QueryExecutorMethodInterceptor.lambda$mapMethodsToQuery$1(QueryExecutorMethodInterceptor.java:94)
	at java.util.stream.ReferencePipeline$3$1.accept(ReferencePipeline.java:193)
	at java.util.Iterator.forEachRemaining(Iterator.java:116)
	at java.util.Collections$UnmodifiableCollection$1.forEachRemaining(Collections.java:1051)
	at java.util.Spliterators$IteratorSpliterator.forEachRemaining(Spliterators.java:1801)
	at java.util.stream.AbstractPipeline.copyInto(AbstractPipeline.java:482)
	at java.util.stream.AbstractPipeline.wrapAndCopyInto(AbstractPipeline.java:472)
	at java.util.stream.ReduceOps$ReduceOp.evaluateSequential(ReduceOps.java:708)
	at java.util.stream.AbstractPipeline.evaluate(AbstractPipeline.java:234)
	at java.util.stream.ReferencePipeline.collect(ReferencePipeline.java:499)
	at org.springframework.data.repository.core.support.QueryExecutorMethodInterceptor.mapMethodsToQuery(QueryExecutorMethodInterceptor.java:96)
	at org.springframework.data.repository.core.support.QueryExecutorMethodInterceptor.lambda$new$0(QueryExecutorMethodInterceptor.java:86)
	at java.util.Optional.map(Optional.java:215)
	at org.springframework.data.repository.core.support.QueryExecutorMethodInterceptor.<init>(QueryExecutorMethodInterceptor.java:86)
	at org.springframework.data.repository.core.support.RepositoryFactorySupport.getRepository(RepositoryFactorySupport.java:360)
	at org.springframework.data.repository.core.support.RepositoryFactoryBeanSupport.lambda$afterPropertiesSet$5(RepositoryFactoryBeanSupport.java:323)
	at org.springframework.data.util.Lazy.getNullable(Lazy.java:230)
	at org.springframework.data.util.Lazy.get(Lazy.java:114)
	at org.springframework.data.repository.core.support.RepositoryFactoryBeanSupport.afterPropertiesSet(RepositoryFactoryBeanSupport.java:329)
	at org.springframework.data.jpa.repository.support.JpaRepositoryFactoryBean.afterPropertiesSet(JpaRepositoryFactoryBean.java:144)
	at org.springframework.beans.factory.support.AbstractAutowireCapableBeanFactory.invokeInitMethods(AbstractAutowireCapableBeanFactory.java:1845)
	at org.springframework.beans.factory.support.AbstractAutowireCapableBeanFactory.initializeBean(AbstractAutowireCapableBeanFactory.java:1782)
	... 44 common frames omitted
Caused by: java.lang.IllegalArgumentException: Failed to create query for method public abstract org.springframework.http.ResponseEntity com.prjapitrans.domain.usuario.UsuarioRepository.findByLoginAndSenha(com.prjapitrans.domain.usuario.UsuarioRequest)! Method public abstract org.springframework.http.ResponseEntity com.prjapitrans.domain.usuario.UsuarioRepository.findByLoginAndSenha(com.prjapitrans.domain.usuario.UsuarioRequest) expects at least 2 arguments but only found 1. This leaves an operator of type SIMPLE_PROPERTY for property senha unbound.
	at org.springframework.data.jpa.repository.query.PartTreeJpaQuery.<init>(PartTreeJpaQuery.java:96)
	at org.springframework.data.jpa.repository.query.JpaQueryLookupStrategy$CreateQueryLookupStrategy.resolveQuery(JpaQueryLookupStrategy.java:107)
	at org.springframework.data.jpa.repository.query.JpaQueryLookupStrategy$CreateIfNotFoundQueryLookupStrategy.resolveQuery(JpaQueryLookupStrategy.java:218)
	at org.springframework.data.jpa.repository.query.JpaQueryLookupStrategy$AbstractQueryLookupStrategy.resolveQuery(JpaQueryLookupStrategy.java:81)
	at org.springframework.data.repository.core.support.QueryExecutorMethodInterceptor.lookupQuery(QueryExecutorMethodInterceptor.java:102)
	... 66 common frames omitted
Caused by: java.lang.IllegalStateException: Method public abstract org.springframework.http.ResponseEntity com.prjapitrans.domain.usuario.UsuarioRepository.findByLoginAndSenha(com.prjapitrans.domain.usuario.UsuarioRequest) expects at least 2 arguments but only found 1. This leaves an operator of type SIMPLE_PROPERTY for property senha unbound.
	at org.springframework.data.jpa.repository.query.PartTreeJpaQuery.throwExceptionOnArgumentMismatch(PartTreeJpaQuery.java:161)
	at org.springframework.data.jpa.repository.query.PartTreeJpaQuery.validate(PartTreeJpaQuery.java:147)
	at org.springframework.data.jpa.repository.query.PartTreeJpaQuery.<init>(PartTreeJpaQuery.java:90)
	... 70 common frames omitted
